Running experiment with agents: ['Environmental Scientist', 'Economist', 'Humanitarian Worker']
here
current_round=1
current_round=1
current_round=2
current_round=3
current_round=1
current_round=2
current_round=3
current_round=1
current_round=1
current_round=1

Running experiment with agents: ['Environmental Scientist', 'Economist', 'Teacher']
here
current_round=1
current_round=1
current_round=2
current_round=3
current_round=1
current_round=1
current_round=1
current_round=1

Running experiment with agents: ['Environmental Scientist', 'Economist', 'Retired Military Officer']
here
current_round=1
current_round=1
current_round=2
current_round=3
current_round=1
current_round=1
current_round=1
current_round=1

Running experiment with agents: ['Environmental Scientist', 'Economist', 'Artist']
here
current_round=1
current_round=1
current_round=2
current_round=3
current_round=1
current_round=1
current_round=1
current_round=1

Running experiment with agents: ['Environmental Scientist', 'Economist', 'Healthcare Professional']
here
current_round=1
current_round=1
current_round=2
current_round=3
current_round=1
current_round=1
current_round=1
current_round=1

Running experiment with agents: ['Environmental Scientist', 'Economist', 'Software Engineer']
here
current_round=1
current_round=1
current_round=2
current_round=3
current_round=1
current_round=2
current_round=3
current_round=1
current_round=1
current_round=1

Running experiment with agents: ['Environmental Scientist', 'Humanitarian Worker', 'Teacher']
here
current_round=1
current_round=1
current_round=1
current_round=1
current_round=1
current_round=1

Running experiment with agents: ['Environmental Scientist', 'Humanitarian Worker', 'Retired Military Officer']
here
current_round=1
current_round=1
current_round=1
current_round=2
current_round=3
current_round=1
current_round=2
current_round=3
current_round=1
current_round=1

Running experiment with agents: ['Environmental Scientist', 'Humanitarian Worker', 'Artist']
here
current_round=1
current_round=1
current_round=1
current_round=2
current_round=3
current_round=1
current_round=1
current_round=1

Running experiment with agents: ['Environmental Scientist', 'Humanitarian Worker', 'Healthcare Professional']
here
current_round=1
current_round=1
current_round=1
current_round=1
current_round=1
current_round=1

Running experiment with agents: ['Environmental Scientist', 'Humanitarian Worker', 'Software Engineer']
here
current_round=1
current_round=1
current_round=2
current_round=3
current_round=1
current_round=2
current_round=1
current_round=1
current_round=1

Running experiment with agents: ['Environmental Scientist', 'Teacher', 'Retired Military Officer']
here
current_round=1
current_round=1
current_round=1
current_round=1
current_round=1
current_round=1

Running experiment with agents: ['Environmental Scientist', 'Teacher', 'Artist']
here
current_round=1
current_round=1
current_round=2
current_round=3
current_round=1
current_round=2
current_round=3
current_round=1
current_round=1
current_round=1

Running experiment with agents: ['Environmental Scientist', 'Teacher', 'Healthcare Professional']
here
current_round=1
current_round=1
current_round=2
current_round=3
current_round=1
current_round=1
current_round=1
current_round=1

Running experiment with agents: ['Environmental Scientist', 'Teacher', 'Software Engineer']
here
current_round=1
current_round=1
current_round=2
current_round=1
current_round=1
current_round=1
current_round=1

Running experiment with agents: ['Environmental Scientist', 'Retired Military Officer', 'Artist']
here
current_round=1
current_round=1
current_round=1
current_round=1
current_round=1
current_round=1

Running experiment with agents: ['Environmental Scientist', 'Retired Military Officer', 'Healthcare Professional']
here
current_round=1
current_round=1
current_round=1
current_round=1
current_round=1
current_round=1

Running experiment with agents: ['Environmental Scientist', 'Retired Military Officer', 'Software Engineer']
here
current_round=1
current_round=1
current_round=2
current_round=3
current_round=1
current_round=2
current_round=1
current_round=1
current_round=1

Running experiment with agents: ['Environmental Scientist', 'Artist', 'Healthcare Professional']
here
current_round=1
current_round=1
current_round=1
current_round=2
current_round=3
current_round=1
current_round=1
current_round=1

Running experiment with agents: ['Environmental Scientist', 'Artist', 'Software Engineer']
here
current_round=1
current_round=1
current_round=1
current_round=2
current_round=3
current_round=1
current_round=1
current_round=1
