2024-10-03 20:47:27 - 
Search query: birinci madde nedir
2024-10-03 20:47:27 - Raw results from vectorstore:
2024-10-03 20:47:27 - Document 1:
2024-10-03 20:47:27 - Content: II. Başlangıç ve kenar başlıklar 
Madde 176 – Anayasanın dayandığı temel görüş ve ilkeleri belirten başlangıç kısmı, Anayasa metnine dahildir. 
Madde kenar başlıkları, sadece ilgili oldukları maddelerin konusunu ve maddeler arasındaki sıralama ve bağlantıyı gösterir. Bu başlıklar, Anayasa metninden sayılmaz.
2024-10-03 20:47:27 - Metadata: {'source': 'source/anayasa_1980.txt'}
2024-10-03 20:47:27 - ---
2024-10-03 20:47:27 - Document 2:
2024-10-03 20:47:27 - Content: MADDE 121.-Radyo ve televizyon istasyonların idaresi özerk kamu tüzel kişiliği halinde kanunla düzenlenir.
Her türlü radyo ve televizyon yayımları, tarafsızlık esaslarına göre yapılır.
Radyo ve televizyon idaresi, kültür ve eğitime yardımcılık görevinin gerektirdiği yetkilere sahip kılınır.
Devlet tarafından kurulan veya Devletten malî yardım alan haber ajanslarının tarafsızlığı esastır.
20.9.1971 tarih ve 1488 sayılı Kanunla aşağıdaki şekilde değiştirilmiştir:
MADDE 121.- Radyo ve televizyon istasyonları, ancak Devlet eliyle kurulur ve idareleri tarafsız bir kamu tüzel kişiliği halinde kanunla düzenlenir. Kanun, yönetim ve denetimde ve yönetim organlarının kuruluşundan tarafsızlık ilkesini bozacak hükümler koyamaz.
Her türlü radyo ve televizyon yayımları, tarafsızlık esaslarına göre yapılır.
2024-10-03 20:47:27 - Metadata: {'source': 'source/anayasa_1961.txt'}
2024-10-03 20:47:27 - ---
2024-10-03 20:47:27 - Document 3:
2024-10-03 20:47:27 - Content: Yedinci Değişiklik: 16.4.1974 tarih ve 1801 sayılı Kanunla Anayasanın 68’inci maddesi değiştirilmiş, Anayasanın ilk şeklinde bulunan geçici 11’inci madde tekrar kaldırılmıştır (RG, 22.4.1974-14866).
 
1961 ANAYASASI MADDE DİZİNİ
 
B A Ş L A N G I Ç
Birinci Kısım
GENEL ESASLAR
Madde 1: Devletin Şekli
Madde 2: Cumhuriyetin Nitelikleri
Madde 3: Devletin Bütünlüğü, Resmî Dil; Başkent
Madde 4: Egemenlik
Madde 5: Yasama Yetkisi
Madde 6: Yürütme Görevi
Madde 7: Yargı Yetkisi
Madde 8: Anayasanın Üstünlüğü ve Bağlayıcılığı
Madde 9: Devlet Şeklinin Değişmezliği
İkinci Kısım
TEMEL HAKLAR VE ÖDEVLER
Birinci Bölüm
GENEL HÜKÜMLER
Madde 10: Temel Hakların Niteliği ve Korunması
Madde 11: Temel Hakların Özü
Madde 12: Eşitlik
Madde 13: Yabancıların Durumu
İkinci Bölüm
KİŞİNİN HAKLARI VE ÖDEVLERİ
Madde 14: Kişi Dokunulmazlığı
Madde 15 : Özel Hayatın Gizliliği
Madde 16 : Konut Dokunulmazlığı
Madde 17 : Haberleşme Hürriyeti
Madde 18: Seyahat ve Yerleşme Hürriyeti
Düşünce ve İnanç Hak ve Hürriyetleri
2024-10-03 20:47:27 - Metadata: {'source': 'source/anayasa_1961.txt'}
2024-10-03 20:47:27 - ---
