2024-10-03 21:48:57 - 
Search query: Madde 1 nedir
2024-10-03 21:48:57 - Raw results from vectorstore:
2024-10-03 21:48:57 - Document 1:
2024-10-03 21:48:57 - Content: MADDE 121.-Radyo ve televizyon istasyonların idaresi özerk kamu tüzel kişiliği halinde kanunla düzenlenir.
Her türlü radyo ve televizyon yayımları, tarafsızlık esaslarına göre yapılır.
Radyo ve televizyon idaresi, kültür ve eğitime yardımcılık görevinin gerektirdiği yetkilere sahip kılınır.
Devlet tarafından kurulan veya Devletten malî yardım alan haber ajanslarının tarafsızlığı esastır.
20.9.1971 tarih ve 1488 sayılı Kanunla aşağıdaki şekilde değiştirilmiştir:
MADDE 121.- Radyo ve televizyon istasyonları, ancak Devlet eliyle kurulur ve idareleri tarafsız bir kamu tüzel kişiliği halinde kanunla düzenlenir. Kanun, yönetim ve denetimde ve yönetim organlarının kuruluşundan tarafsızlık ilkesini bozacak hükümler koyamaz.
Her türlü radyo ve televizyon yayımları, tarafsızlık esaslarına göre yapılır.
2024-10-03 21:48:57 - Metadata: {'source': 'sliced/1961_19.txt'}
2024-10-03 21:48:57 - ---
2024-10-03 21:48:57 - Document 2:
2024-10-03 21:48:57 - Content: Madde 5: Yasama Yetkisi
Madde 6: Yürütme Görevi
Madde 7: Yargı Yetkisi
Madde 8: Anayasanın Üstünlüğü ve Bağlayıcılığı
Madde 9: Devlet Şeklinin Değişmezliği
İkinci Kısım
TEMEL HAKLAR VE ÖDEVLER
Birinci Bölüm
GENEL HÜKÜMLER
Madde 10: Temel Hakların Niteliği ve Korunması
Madde 11: Temel Hakların Özü
Madde 12: Eşitlik
Madde 13: Yabancıların Durumu
İkinci Bölüm
KİŞİNİN HAKLARI VE ÖDEVLERİ
Madde 14: Kişi Dokunulmazlığı
Madde 15 : Özel Hayatın Gizliliği
Madde 16 : Konut Dokunulmazlığı
Madde 17 : Haberleşme Hürriyeti
Madde 18: Seyahat ve Yerleşme Hürriyeti
Düşünce ve İnanç Hak ve Hürriyetleri
Madde 19: Vicdan ve Din Hürriyeti
Madde 20 : Düşünce Hürriyeti
Basın ve Yayımla İlgili Hükümler
Madde 21 : Bilim ve Sanat Hürriyeti
Madde 22 : Basın Hürriyeti
Madde 23 : Gazete ve Dergi Çıkarma Hakkı
Madde 24 : Kitap ve Broşür Çıkarma Hakkı
Madde 25 : Basın Araçlarının Korunması
Madde 26 : Basın Dışı Haberleşme Araçlarından Faydalanma Hakkı
Madde 27 : Düzeltme ve Cevap Hakkı
Toplantı Hak ve Hürriyetleri
2024-10-03 21:48:57 - Metadata: {'source': 'sliced/1961_2.txt'}
2024-10-03 21:48:57 - ---
2024-10-03 21:48:57 - Document 3:
2024-10-03 21:48:57 - Content: Madde 119: Memurların Siyasî Partilere ve Sendikalara
Girememesi
Özerk Kuruluşlar
Madde 120: Üniversiteler
Madde 121: Radyo ve Televizyonun İdaresi ve Haber Ajansları
Madde 122: Kamu Kurumu Niteliğindeki Meslek Kuruluşları
Olağanüstü Yönetim Usûlleri
Madde 123: Olağanüstü Haller
Madde 124: Sıkıyönetim
Madde 125: Kanunsuz Emir
İktisadî ve Malî Hükümler
Madde 126: Bütçe
Madde 127: Sayıştay Kamu İktisadî Teşebbüslerinin Denetlenmesi
Madde 128: Kesin Hesaplar
Kalkınma
Madde 129: Kalkınma Planı ve Devlet Planlama Teşkilatı
Madde 130: Tâbii Servet Kaynaklarının Aranması ve İşletilmesi
Madde 131: Ormanların Korunması ve Geliştirilmesi
 
Üçüncü Bölüm
YARGI
Genel Hükümler
Madde 132: Mahkemelerin Bağımsızlığı
Madde 133: Hâkimlik Teminatı
Madde 134: Hâkimlik Mesleği
Madde 135: Duruşmanın Açık ve Kararların Gerekçeli Olması
Madde 136: Mahkemelerin Kuruluşu
Madde 137: Savcılık
Madde 138: Askerî Yargı
Yüksek Mahkemeler
Madde 139: Yargıtay
Madde 140: Danıştay
Madde 141: Askerî Yargıtay
2024-10-03 21:48:57 - Metadata: {'source': 'sliced/1961_5.txt'}
2024-10-03 21:48:57 - ---
